{"contracts/BatchAuction.sol":{"l":{"14":9,"15":7,"18":5,"19":3,"21":3,"22":3},"path":"/Users/admin/Projects/gnosis/dex-contracts/contracts/BatchAuction.sol","s":{"1":9,"2":7,"3":5,"4":3,"5":3,"6":3},"b":{"1":[7,2],"2":[5,2],"3":[3,2],"4":[3,0]},"f":{"1":9},"fnMap":{"1":{"name":"openAccount","line":13,"loc":{"start":{"line":13,"column":4},"end":{"line":13,"column":47}}}},"statementMap":{"1":{"start":{"line":14,"column":8},"end":{"line":14,"column":64}},"2":{"start":{"line":15,"column":8},"end":{"line":15,"column":74}},"3":{"start":{"line":18,"column":8},"end":{"line":18,"column":87}},"4":{"start":{"line":19,"column":8},"end":{"line":19,"column":87}},"5":{"start":{"line":21,"column":8},"end":{"line":21,"column":52}},"6":{"start":{"line":22,"column":8},"end":{"line":22,"column":52}}},"branchMap":{"1":{"line":14,"type":"if","locations":[{"start":{"line":14,"column":8},"end":{"line":14,"column":8}},{"start":{"line":14,"column":8},"end":{"line":14,"column":8}}]},"2":{"line":15,"type":"if","locations":[{"start":{"line":15,"column":8},"end":{"line":15,"column":8}},{"start":{"line":15,"column":8},"end":{"line":15,"column":8}}]},"3":{"line":18,"type":"if","locations":[{"start":{"line":18,"column":8},"end":{"line":18,"column":8}},{"start":{"line":18,"column":8},"end":{"line":18,"column":8}}]},"4":{"line":19,"type":"if","locations":[{"start":{"line":19,"column":8},"end":{"line":19,"column":8}},{"start":{"line":19,"column":8},"end":{"line":19,"column":8}}]}}}}